# JRE version: Java(TM) SE Runtime Environment (8.0_60-b27) (build 1.8.0_60-b27)
# Java VM: Java HotSpot(TM) 64-Bit Server VM (25.60-b23 mixed mode windows-amd64 compressed oops)
Heap:
 PSYoungGen      total 270848K, used 128225K [0x0000000780a00000, 0x0000000797380000, 0x00000007c0000000)
  eden space 254976K, 44% used [0x0000000780a00000,0x0000000787815fd0,0x0000000790300000)
  from space 15872K, 97% used [0x0000000796400000,0x0000000797322590,0x0000000797380000)
  to   space 22016K, 0% used [0x0000000794880000,0x0000000794880000,0x0000000795e00000)
 ParOldGen       total 164352K, used 34032K [0x0000000701e00000, 0x000000070be80000, 0x0000000780a00000)
  object space 164352K, 20% used [0x0000000701e00000,0x0000000703f3c0d0,0x000000070be80000)
 Metaspace       used 65175K, capacity 68822K, committed 68864K, reserved 1107968K
  class space    used 8858K, capacity 9445K, committed 9472K, reserved 1048576K
GC Heap History (10 events):
Event: 8.010 GC heap before
{Heap before GC invocations=9 (full 2):
 PSYoungGen      total 204800K, used 11262K [0x0000000780a00000, 0x0000000792980000, 0x00000007c0000000)
  eden space 193536K, 0% used [0x0000000780a00000,0x0000000780a00000,0x000000078c700000)
  from space 11264K, 99% used [0x000000078c700000,0x000000078d1ffa38,0x000000078d200000)
  to   space 13312K, 0% used [0x0000000791c80000,0x0000000791c80000,0x0000000792980000)
 ParOldGen       total 71680K, used 9068K [0x0000000701e00000, 0x0000000706400000, 0x0000000780a00000)
  object space 71680K, 12% used [0x0000000701e00000,0x00000007026db380,0x0000000706400000)
 Metaspace       used 33453K, capacity 35236K, committed 35416K, reserved 1081344K
  class space    used 4203K, capacity 4514K, committed 4608K, reserved 1048576K
Event: 8.107 GC heap after
Heap after GC invocations=9 (full 2):
 PSYoungGen      total 204800K, used 0K [0x0000000780a00000, 0x0000000792980000, 0x00000007c0000000)
  eden space 193536K, 0% used [0x0000000780a00000,0x0000000780a00000,0x000000078c700000)
  from space 11264K, 0% used [0x000000078c700000,0x000000078c700000,0x000000078d200000)
  to   space 13312K, 0% used [0x0000000791c80000,0x0000000791c80000,0x0000000792980000)
 ParOldGen       total 113152K, used 18143K [0x0000000701e00000, 0x0000000708c80000, 0x0000000780a00000)
  object space 113152K, 16% used [0x0000000701e00000,0x0000000702fb7f58,0x0000000708c80000)
 Metaspace       used 33453K, capacity 35236K, committed 35416K, reserved 1081344K
  class space    used 4203K, capacity 4514K, committed 4608K, reserved 1048576K
}
Event: 10.552 GC heap before
{Heap before GC invocations=10 (full 2):
 PSYoungGen      total 204800K, used 193536K [0x0000000780a00000, 0x0000000792980000, 0x00000007c0000000)
  eden space 193536K, 100% used [0x0000000780a00000,0x000000078c700000,0x000000078c700000)
  from space 11264K, 0% used [0x000000078c700000,0x000000078c700000,0x000000078d200000)
  to   space 13312K, 0% used [0x0000000791c80000,0x0000000791c80000,0x0000000792980000)
 ParOldGen       total 113152K, used 18143K [0x0000000701e00000, 0x0000000708c80000, 0x0000000780a00000)
  object space 113152K, 16% used [0x0000000701e00000,0x0000000702fb7f58,0x0000000708c80000)
 Metaspace       used 49437K, capacity 51578K, committed 51968K, reserved 1093632K
  class space    used 6676K, capacity 7061K, committed 7168K, reserved 1048576K
Event: 10.573 GC heap after
Heap after GC invocations=10 (full 2):
 PSYoungGen      total 276992K, used 13305K [0x0000000780a00000, 0x0000000794780000, 0x00000007c0000000)
  eden space 263680K, 0% used [0x0000000780a00000,0x0000000780a00000,0x0000000790b80000)
  from space 13312K, 99% used [0x0000000791c80000,0x000000079297e758,0x0000000792980000)
  to   space 17408K, 0% used [0x0000000790b80000,0x0000000790b80000,0x0000000791c80000)
 ParOldGen       total 113152K, used 24819K [0x0000000701e00000, 0x0000000708c80000, 0x0000000780a00000)
  object space 113152K, 21% used [0x0000000701e00000,0x000000070363cee0,0x0000000708c80000)
 Metaspace       used 49437K, capacity 51578K, committed 51968K, reserved 1093632K
  class space    used 6676K, capacity 7061K, committed 7168K, reserved 1048576K
}
Event: 28.783 GC heap before
{Heap before GC invocations=11 (full 2):
 PSYoungGen      total 276992K, used 201418K [0x0000000780a00000, 0x0000000794780000, 0x00000007c0000000)
  eden space 263680K, 71% used [0x0000000780a00000,0x000000078c1b41e8,0x0000000790b80000)
  from space 13312K, 99% used [0x0000000791c80000,0x000000079297e758,0x0000000792980000)
  to   space 17408K, 0% used [0x0000000790b80000,0x0000000790b80000,0x0000000791c80000)
 ParOldGen       total 113152K, used 24819K [0x0000000701e00000, 0x0000000708c80000, 0x0000000780a00000)
  object space 113152K, 21% used [0x0000000701e00000,0x000000070363cee0,0x0000000708c80000)
 Metaspace       used 55763K, capacity 58892K, committed 59028K, reserved 1099776K
  class space    used 7593K, capacity 8116K, committed 8192K, reserved 1048576K
Event: 28.830 GC heap after
Heap after GC invocations=11 (full 2):
 PSYoungGen      total 281088K, used 17399K [0x0000000780a00000, 0x0000000797880000, 0x00000007c0000000)
  eden space 263680K, 0% used [0x0000000780a00000,0x0000000780a00000,0x0000000790b80000)
  from space 17408K, 99% used [0x0000000790b80000,0x0000000791c7dd38,0x0000000791c80000)
  to   space 20992K, 0% used [0x0000000796400000,0x0000000796400000,0x0000000797880000)
 ParOldGen       total 113152K, used 28260K [0x0000000701e00000, 0x0000000708c80000, 0x0000000780a00000)
  object space 113152K, 24% used [0x0000000701e00000,0x00000007039990a8,0x0000000708c80000)
 Metaspace       used 55763K, capacity 58892K, committed 59028K, reserved 1099776K
  class space    used 7593K, capacity 8116K, committed 8192K, reserved 1048576K
}
Event: 28.830 GC heap before
{Heap before GC invocations=12 (full 3):
 PSYoungGen      total 281088K, used 17399K [0x0000000780a00000, 0x0000000797880000, 0x00000007c0000000)
  eden space 263680K, 0% used [0x0000000780a00000,0x0000000780a00000,0x0000000790b80000)
  from space 17408K, 99% used [0x0000000790b80000,0x0000000791c7dd38,0x0000000791c80000)
  to   space 20992K, 0% used [0x0000000796400000,0x0000000796400000,0x0000000797880000)
 ParOldGen       total 113152K, used 28260K [0x0000000701e00000, 0x0000000708c80000, 0x0000000780a00000)
  object space 113152K, 24% used [0x0000000701e00000,0x00000007039990a8,0x0000000708c80000)
 Metaspace       used 55763K, capacity 58892K, committed 59028K, reserved 1099776K
  class space    used 7593K, capacity 8116K, committed 8192K, reserved 1048576K
Event: 29.200 GC heap after
Heap after GC invocations=12 (full 3):
 PSYoungGen      total 281088K, used 0K [0x0000000780a00000, 0x0000000797880000, 0x00000007c0000000)
  eden space 263680K, 0% used [0x0000000780a00000,0x0000000780a00000,0x0000000790b80000)
  from space 17408K, 0% used [0x0000000790b80000,0x0000000790b80000,0x0000000791c80000)
  to   space 20992K, 0% used [0x0000000796400000,0x0000000796400000,0x0000000797880000)
 ParOldGen       total 164352K, used 34024K [0x0000000701e00000, 0x000000070be80000, 0x0000000780a00000)
  object space 164352K, 20% used [0x0000000701e00000,0x0000000703f3a0d0,0x000000070be80000)
 Metaspace       used 55763K, capacity 58892K, committed 59028K, reserved 1099776K
  class space    used 7593K, capacity 8116K, committed 8192K, reserved 1048576K
}
Event: 95040.867 GC heap before
{Heap before GC invocations=13 (full 3):
 PSYoungGen      total 281088K, used 263680K [0x0000000780a00000, 0x0000000797880000, 0x00000007c0000000)
  eden space 263680K, 100% used [0x0000000780a00000,0x0000000790b80000,0x0000000790b80000)
  from space 17408K, 0% used [0x0000000790b80000,0x0000000790b80000,0x0000000791c80000)
  to   space 20992K, 0% used [0x0000000796400000,0x0000000796400000,0x0000000797880000)
 ParOldGen       total 164352K, used 34024K [0x0000000701e00000, 0x000000070be80000, 0x0000000780a00000)
  object space 164352K, 20% used [0x0000000701e00000,0x0000000703f3a0d0,0x000000070be80000)
 Metaspace       used 65039K, capacity 68694K, committed 68864K, reserved 1107968K
  class space    used 8858K, capacity 9445K, committed 9472K, reserved 1048576K
Event: 95046.685 GC heap after
Heap after GC invocations=13 (full 3):
 PSYoungGen      total 270848K, used 15497K [0x0000000780a00000, 0x0000000797380000, 0x00000007c0000000)
  eden space 254976K, 0% used [0x0000000780a00000,0x0000000780a00000,0x0000000790300000)
  from space 15872K, 97% used [0x0000000796400000,0x0000000797322590,0x0000000797380000)
  to   space 22016K, 0% used [0x0000000794880000,0x0000000794880000,0x0000000795e00000)
 ParOldGen       total 164352K, used 34032K [0x0000000701e00000, 0x000000070be80000, 0x0000000780a00000)
  object space 164352K, 20% used [0x0000000701e00000,0x0000000703f3c0d0,0x000000070be80000)
 Metaspace       used 65039K, capacity 68694K, committed 68864K, reserved 1107968K
  class space    used 8858K, capacity 9445K, committed 9472K, reserved 1048576K
}

